2019-06-22 10:28:22,433 - Log4JLogChute initialized using file 'velocity.log'
2019-06-22 10:28:22,433 - Initializing Velocity, Calling init()...
2019-06-22 10:28:22,433 - Starting Apache Velocity v1.7 (compiled: 2010-11-19 12:14:37)
2019-06-22 10:28:22,433 - Default Properties File: org\apache\velocity\runtime\defaults\velocity.properties
2019-06-22 10:28:22,433 - Trying to use logger class org.apache.velocity.runtime.log.AvalonLogChute
2019-06-22 10:28:22,433 - Target log system for org.apache.velocity.runtime.log.AvalonLogChute is not available (java.lang.NoClassDefFoundError: org/apache/log/format/Formatter).  Falling back to next log system...
2019-06-22 10:28:22,433 - Trying to use logger class org.apache.velocity.runtime.log.Log4JLogChute
2019-06-22 10:28:22,434 - Using logger class org.apache.velocity.runtime.log.Log4JLogChute
2019-06-22 10:28:22,437 - ResourceLoader instantiated: org.apache.velocity.runtime.resource.loader.ClasspathResourceLoader
2019-06-22 10:28:22,475 - ResourceCache: initialized (class org.apache.velocity.runtime.resource.ResourceCacheImpl) with class java.util.Collections$SynchronizedMap cache map.
2019-06-22 10:28:22,476 - Loaded System Directive: org.apache.velocity.runtime.directive.Stop
2019-06-22 10:28:22,477 - Loaded System Directive: org.apache.velocity.runtime.directive.Define
2019-06-22 10:28:22,477 - Loaded System Directive: org.apache.velocity.runtime.directive.Break
2019-06-22 10:28:22,477 - Loaded System Directive: org.apache.velocity.runtime.directive.Evaluate
2019-06-22 10:28:22,478 - Loaded System Directive: org.apache.velocity.runtime.directive.Literal
2019-06-22 10:28:22,478 - Loaded System Directive: org.apache.velocity.runtime.directive.Macro
2019-06-22 10:28:22,479 - Loaded System Directive: org.apache.velocity.runtime.directive.Parse
2019-06-22 10:28:22,479 - Loaded System Directive: org.apache.velocity.runtime.directive.Include
2019-06-22 10:28:22,480 - Loaded System Directive: org.apache.velocity.runtime.directive.Foreach
2019-06-22 10:28:22,497 - Created '20' parsers.
2019-06-22 10:28:22,500 - Velocimacro : "velocimacro.library" is not set.  Trying default library: VM_global_library.vm
2019-06-22 10:28:22,500 - Could not load resource 'VM_global_library.vm' from ResourceLoader org.apache.velocity.runtime.resource.loader.ClasspathResourceLoader: ClasspathResourceLoader Error: cannot find resource VM_global_library.vm
2019-06-22 10:28:22,500 - Velocimacro : Default library not found.
2019-06-22 10:28:22,500 - Velocimacro : allowInline = true : VMs can be defined inline in templates
2019-06-22 10:28:22,500 - Velocimacro : allowInlineToOverride = false : VMs defined inline may NOT replace previous VM definitions
2019-06-22 10:28:22,500 - Velocimacro : allowInlineLocal = false : VMs defined inline will be global in scope if allowed.
2019-06-22 10:28:22,500 - Velocimacro : autoload off : VM system will not automatically reload global library macros
2019-06-22 10:28:22,516 - ResourceManager : found /templates/mapper.xml.vm with loader org.apache.velocity.runtime.resource.loader.ClasspathResourceLoader
2019-06-22 10:28:22,573 - ResourceManager : found /templates/entity.java.vm with loader org.apache.velocity.runtime.resource.loader.ClasspathResourceLoader
2019-06-22 10:28:22,575 - Left side (${versionFieldName}) of '==' operation has null value. If it is a reference, it may not be in the context or its toString() returned null. /templates/entity.java.vm[line 86, column 26]
2019-06-22 10:28:22,575 - Left side (${logicDeleteFieldName}) of '==' operation has null value. If it is a reference, it may not be in the context or its toString() returned null. /templates/entity.java.vm[line 90, column 30]
2019-06-22 10:28:22,575 - Left side (${versionFieldName}) of '==' operation has null value. If it is a reference, it may not be in the context or its toString() returned null. /templates/entity.java.vm[line 86, column 26]
2019-06-22 10:28:22,575 - Left side (${logicDeleteFieldName}) of '==' operation has null value. If it is a reference, it may not be in the context or its toString() returned null. /templates/entity.java.vm[line 90, column 30]
2019-06-22 10:28:22,575 - Left side (${versionFieldName}) of '==' operation has null value. If it is a reference, it may not be in the context or its toString() returned null. /templates/entity.java.vm[line 86, column 26]
2019-06-22 10:28:22,575 - Left side (${logicDeleteFieldName}) of '==' operation has null value. If it is a reference, it may not be in the context or its toString() returned null. /templates/entity.java.vm[line 90, column 30]
2019-06-22 10:28:22,575 - Left side (${versionFieldName}) of '==' operation has null value. If it is a reference, it may not be in the context or its toString() returned null. /templates/entity.java.vm[line 86, column 26]
2019-06-22 10:28:22,575 - Left side (${logicDeleteFieldName}) of '==' operation has null value. If it is a reference, it may not be in the context or its toString() returned null. /templates/entity.java.vm[line 90, column 30]
2019-06-22 10:28:22,575 - Left side (${versionFieldName}) of '==' operation has null value. If it is a reference, it may not be in the context or its toString() returned null. /templates/entity.java.vm[line 86, column 26]
2019-06-22 10:28:22,575 - Left side (${logicDeleteFieldName}) of '==' operation has null value. If it is a reference, it may not be in the context or its toString() returned null. /templates/entity.java.vm[line 90, column 30]
2019-06-22 10:28:22,576 - Left side (${versionFieldName}) of '==' operation has null value. If it is a reference, it may not be in the context or its toString() returned null. /templates/entity.java.vm[line 86, column 26]
2019-06-22 10:28:22,576 - Left side (${logicDeleteFieldName}) of '==' operation has null value. If it is a reference, it may not be in the context or its toString() returned null. /templates/entity.java.vm[line 90, column 30]
2019-06-22 10:28:22,576 - Left side (${versionFieldName}) of '==' operation has null value. If it is a reference, it may not be in the context or its toString() returned null. /templates/entity.java.vm[line 86, column 26]
2019-06-22 10:28:22,576 - Left side (${logicDeleteFieldName}) of '==' operation has null value. If it is a reference, it may not be in the context or its toString() returned null. /templates/entity.java.vm[line 90, column 30]
2019-06-22 10:28:22,576 - Left side (${versionFieldName}) of '==' operation has null value. If it is a reference, it may not be in the context or its toString() returned null. /templates/entity.java.vm[line 86, column 26]
2019-06-22 10:28:22,576 - Left side (${logicDeleteFieldName}) of '==' operation has null value. If it is a reference, it may not be in the context or its toString() returned null. /templates/entity.java.vm[line 90, column 30]
2019-06-22 10:28:22,576 - Left side (${versionFieldName}) of '==' operation has null value. If it is a reference, it may not be in the context or its toString() returned null. /templates/entity.java.vm[line 86, column 26]
2019-06-22 10:28:22,576 - Left side (${logicDeleteFieldName}) of '==' operation has null value. If it is a reference, it may not be in the context or its toString() returned null. /templates/entity.java.vm[line 90, column 30]
2019-06-22 10:28:22,576 - Left side (${versionFieldName}) of '==' operation has null value. If it is a reference, it may not be in the context or its toString() returned null. /templates/entity.java.vm[line 86, column 26]
2019-06-22 10:28:22,576 - Left side (${logicDeleteFieldName}) of '==' operation has null value. If it is a reference, it may not be in the context or its toString() returned null. /templates/entity.java.vm[line 90, column 30]
2019-06-22 10:28:22,580 - ResourceManager : found /templates/mapper.java.vm with loader org.apache.velocity.runtime.resource.loader.ClasspathResourceLoader
2019-06-22 10:28:22,585 - ResourceManager : found /templates/mapper.xml.vm with loader org.apache.velocity.runtime.resource.loader.ClasspathResourceLoader
2019-06-22 10:28:22,588 - ResourceManager : found /templates/service.java.vm with loader org.apache.velocity.runtime.resource.loader.ClasspathResourceLoader
2019-06-22 10:28:22,592 - ResourceManager : found /templates/serviceImpl.java.vm with loader org.apache.velocity.runtime.resource.loader.ClasspathResourceLoader
2019-06-22 10:28:22,597 - ResourceManager : found /templates/controller.java.vm with loader org.apache.velocity.runtime.resource.loader.ClasspathResourceLoader
2019-06-22 10:30:31,073 - Log4JLogChute initialized using file 'velocity.log'
2019-06-22 10:30:31,074 - Initializing Velocity, Calling init()...
2019-06-22 10:30:31,074 - Starting Apache Velocity v1.7 (compiled: 2010-11-19 12:14:37)
2019-06-22 10:30:31,074 - Default Properties File: org\apache\velocity\runtime\defaults\velocity.properties
2019-06-22 10:30:31,074 - Trying to use logger class org.apache.velocity.runtime.log.AvalonLogChute
2019-06-22 10:30:31,074 - Target log system for org.apache.velocity.runtime.log.AvalonLogChute is not available (java.lang.NoClassDefFoundError: org/apache/log/format/Formatter).  Falling back to next log system...
2019-06-22 10:30:31,074 - Trying to use logger class org.apache.velocity.runtime.log.Log4JLogChute
2019-06-22 10:30:31,074 - Using logger class org.apache.velocity.runtime.log.Log4JLogChute
2019-06-22 10:30:31,076 - ResourceLoader instantiated: org.apache.velocity.runtime.resource.loader.ClasspathResourceLoader
2019-06-22 10:30:31,083 - ResourceCache: initialized (class org.apache.velocity.runtime.resource.ResourceCacheImpl) with class java.util.Collections$SynchronizedMap cache map.
2019-06-22 10:30:31,084 - Loaded System Directive: org.apache.velocity.runtime.directive.Stop
2019-06-22 10:30:31,085 - Loaded System Directive: org.apache.velocity.runtime.directive.Define
2019-06-22 10:30:31,085 - Loaded System Directive: org.apache.velocity.runtime.directive.Break
2019-06-22 10:30:31,085 - Loaded System Directive: org.apache.velocity.runtime.directive.Evaluate
2019-06-22 10:30:31,086 - Loaded System Directive: org.apache.velocity.runtime.directive.Literal
2019-06-22 10:30:31,087 - Loaded System Directive: org.apache.velocity.runtime.directive.Macro
2019-06-22 10:30:31,087 - Loaded System Directive: org.apache.velocity.runtime.directive.Parse
2019-06-22 10:30:31,088 - Loaded System Directive: org.apache.velocity.runtime.directive.Include
2019-06-22 10:30:31,088 - Loaded System Directive: org.apache.velocity.runtime.directive.Foreach
2019-06-22 10:30:31,121 - Created '20' parsers.
2019-06-22 10:30:31,124 - Velocimacro : "velocimacro.library" is not set.  Trying default library: VM_global_library.vm
2019-06-22 10:30:31,124 - Could not load resource 'VM_global_library.vm' from ResourceLoader org.apache.velocity.runtime.resource.loader.ClasspathResourceLoader: ClasspathResourceLoader Error: cannot find resource VM_global_library.vm
2019-06-22 10:30:31,124 - Velocimacro : Default library not found.
2019-06-22 10:30:31,124 - Velocimacro : allowInline = true : VMs can be defined inline in templates
2019-06-22 10:30:31,124 - Velocimacro : allowInlineToOverride = false : VMs defined inline may NOT replace previous VM definitions
2019-06-22 10:30:31,124 - Velocimacro : allowInlineLocal = false : VMs defined inline will be global in scope if allowed.
2019-06-22 10:30:31,124 - Velocimacro : autoload off : VM system will not automatically reload global library macros
2019-06-22 10:30:31,140 - ResourceManager : found /templates/mapper.xml.vm with loader org.apache.velocity.runtime.resource.loader.ClasspathResourceLoader
2019-06-22 10:30:31,160 - ResourceManager : found /templates/entity.java.vm with loader org.apache.velocity.runtime.resource.loader.ClasspathResourceLoader
2019-06-22 10:30:31,161 - Left side (${versionFieldName}) of '==' operation has null value. If it is a reference, it may not be in the context or its toString() returned null. /templates/entity.java.vm[line 86, column 26]
2019-06-22 10:30:31,161 - Left side (${logicDeleteFieldName}) of '==' operation has null value. If it is a reference, it may not be in the context or its toString() returned null. /templates/entity.java.vm[line 90, column 30]
2019-06-22 10:30:31,161 - Left side (${versionFieldName}) of '==' operation has null value. If it is a reference, it may not be in the context or its toString() returned null. /templates/entity.java.vm[line 86, column 26]
2019-06-22 10:30:31,161 - Left side (${logicDeleteFieldName}) of '==' operation has null value. If it is a reference, it may not be in the context or its toString() returned null. /templates/entity.java.vm[line 90, column 30]
2019-06-22 10:30:31,161 - Left side (${versionFieldName}) of '==' operation has null value. If it is a reference, it may not be in the context or its toString() returned null. /templates/entity.java.vm[line 86, column 26]
2019-06-22 10:30:31,161 - Left side (${logicDeleteFieldName}) of '==' operation has null value. If it is a reference, it may not be in the context or its toString() returned null. /templates/entity.java.vm[line 90, column 30]
2019-06-22 10:30:31,161 - Left side (${versionFieldName}) of '==' operation has null value. If it is a reference, it may not be in the context or its toString() returned null. /templates/entity.java.vm[line 86, column 26]
2019-06-22 10:30:31,161 - Left side (${logicDeleteFieldName}) of '==' operation has null value. If it is a reference, it may not be in the context or its toString() returned null. /templates/entity.java.vm[line 90, column 30]
2019-06-22 10:30:31,161 - Left side (${versionFieldName}) of '==' operation has null value. If it is a reference, it may not be in the context or its toString() returned null. /templates/entity.java.vm[line 86, column 26]
2019-06-22 10:30:31,161 - Left side (${logicDeleteFieldName}) of '==' operation has null value. If it is a reference, it may not be in the context or its toString() returned null. /templates/entity.java.vm[line 90, column 30]
2019-06-22 10:30:31,161 - Left side (${versionFieldName}) of '==' operation has null value. If it is a reference, it may not be in the context or its toString() returned null. /templates/entity.java.vm[line 86, column 26]
2019-06-22 10:30:31,161 - Left side (${logicDeleteFieldName}) of '==' operation has null value. If it is a reference, it may not be in the context or its toString() returned null. /templates/entity.java.vm[line 90, column 30]
2019-06-22 10:30:31,161 - Left side (${versionFieldName}) of '==' operation has null value. If it is a reference, it may not be in the context or its toString() returned null. /templates/entity.java.vm[line 86, column 26]
2019-06-22 10:30:31,161 - Left side (${logicDeleteFieldName}) of '==' operation has null value. If it is a reference, it may not be in the context or its toString() returned null. /templates/entity.java.vm[line 90, column 30]
2019-06-22 10:30:31,161 - Left side (${versionFieldName}) of '==' operation has null value. If it is a reference, it may not be in the context or its toString() returned null. /templates/entity.java.vm[line 86, column 26]
2019-06-22 10:30:31,161 - Left side (${logicDeleteFieldName}) of '==' operation has null value. If it is a reference, it may not be in the context or its toString() returned null. /templates/entity.java.vm[line 90, column 30]
2019-06-22 10:30:31,162 - Left side (${versionFieldName}) of '==' operation has null value. If it is a reference, it may not be in the context or its toString() returned null. /templates/entity.java.vm[line 86, column 26]
2019-06-22 10:30:31,162 - Left side (${logicDeleteFieldName}) of '==' operation has null value. If it is a reference, it may not be in the context or its toString() returned null. /templates/entity.java.vm[line 90, column 30]
2019-06-22 10:30:31,162 - Left side (${versionFieldName}) of '==' operation has null value. If it is a reference, it may not be in the context or its toString() returned null. /templates/entity.java.vm[line 86, column 26]
2019-06-22 10:30:31,162 - Left side (${logicDeleteFieldName}) of '==' operation has null value. If it is a reference, it may not be in the context or its toString() returned null. /templates/entity.java.vm[line 90, column 30]
2019-06-22 10:30:31,167 - ResourceManager : found /templates/mapper.java.vm with loader org.apache.velocity.runtime.resource.loader.ClasspathResourceLoader
2019-06-22 10:30:31,172 - ResourceManager : found /templates/mapper.xml.vm with loader org.apache.velocity.runtime.resource.loader.ClasspathResourceLoader
2019-06-22 10:30:31,176 - ResourceManager : found /templates/service.java.vm with loader org.apache.velocity.runtime.resource.loader.ClasspathResourceLoader
2019-06-22 10:30:31,211 - ResourceManager : found /templates/serviceImpl.java.vm with loader org.apache.velocity.runtime.resource.loader.ClasspathResourceLoader
2019-06-22 10:30:31,217 - ResourceManager : found /templates/controller.java.vm with loader org.apache.velocity.runtime.resource.loader.ClasspathResourceLoader
2019-06-22 10:37:26,048 - Log4JLogChute initialized using file 'velocity.log'
2019-06-22 10:37:26,048 - Initializing Velocity, Calling init()...
2019-06-22 10:37:26,048 - Starting Apache Velocity v1.7 (compiled: 2010-11-19 12:14:37)
2019-06-22 10:37:26,048 - Default Properties File: org\apache\velocity\runtime\defaults\velocity.properties
2019-06-22 10:37:26,048 - Trying to use logger class org.apache.velocity.runtime.log.AvalonLogChute
2019-06-22 10:37:26,048 - Target log system for org.apache.velocity.runtime.log.AvalonLogChute is not available (java.lang.NoClassDefFoundError: org/apache/log/format/Formatter).  Falling back to next log system...
2019-06-22 10:37:26,048 - Trying to use logger class org.apache.velocity.runtime.log.Log4JLogChute
2019-06-22 10:37:26,048 - Using logger class org.apache.velocity.runtime.log.Log4JLogChute
2019-06-22 10:37:26,050 - ResourceLoader instantiated: org.apache.velocity.runtime.resource.loader.ClasspathResourceLoader
2019-06-22 10:37:26,058 - ResourceCache: initialized (class org.apache.velocity.runtime.resource.ResourceCacheImpl) with class java.util.Collections$SynchronizedMap cache map.
2019-06-22 10:37:26,058 - Loaded System Directive: org.apache.velocity.runtime.directive.Stop
2019-06-22 10:37:26,059 - Loaded System Directive: org.apache.velocity.runtime.directive.Define
2019-06-22 10:37:26,059 - Loaded System Directive: org.apache.velocity.runtime.directive.Break
2019-06-22 10:37:26,060 - Loaded System Directive: org.apache.velocity.runtime.directive.Evaluate
2019-06-22 10:37:26,060 - Loaded System Directive: org.apache.velocity.runtime.directive.Literal
2019-06-22 10:37:26,061 - Loaded System Directive: org.apache.velocity.runtime.directive.Macro
2019-06-22 10:37:26,062 - Loaded System Directive: org.apache.velocity.runtime.directive.Parse
2019-06-22 10:37:26,062 - Loaded System Directive: org.apache.velocity.runtime.directive.Include
2019-06-22 10:37:26,063 - Loaded System Directive: org.apache.velocity.runtime.directive.Foreach
2019-06-22 10:37:26,082 - Created '20' parsers.
2019-06-22 10:37:26,085 - Velocimacro : "velocimacro.library" is not set.  Trying default library: VM_global_library.vm
2019-06-22 10:37:26,085 - Could not load resource 'VM_global_library.vm' from ResourceLoader org.apache.velocity.runtime.resource.loader.ClasspathResourceLoader: ClasspathResourceLoader Error: cannot find resource VM_global_library.vm
2019-06-22 10:37:26,085 - Velocimacro : Default library not found.
2019-06-22 10:37:26,085 - Velocimacro : allowInline = true : VMs can be defined inline in templates
2019-06-22 10:37:26,085 - Velocimacro : allowInlineToOverride = false : VMs defined inline may NOT replace previous VM definitions
2019-06-22 10:37:26,085 - Velocimacro : allowInlineLocal = false : VMs defined inline will be global in scope if allowed.
2019-06-22 10:37:26,085 - Velocimacro : autoload off : VM system will not automatically reload global library macros
2019-06-22 10:37:26,104 - ResourceManager : found /templates/mapper.xml.vm with loader org.apache.velocity.runtime.resource.loader.ClasspathResourceLoader
2019-06-22 10:37:26,127 - ResourceManager : found /templates/entity.java.vm with loader org.apache.velocity.runtime.resource.loader.ClasspathResourceLoader
2019-06-22 10:37:26,129 - Left side (${versionFieldName}) of '==' operation has null value. If it is a reference, it may not be in the context or its toString() returned null. /templates/entity.java.vm[line 86, column 26]
2019-06-22 10:37:26,129 - Left side (${logicDeleteFieldName}) of '==' operation has null value. If it is a reference, it may not be in the context or its toString() returned null. /templates/entity.java.vm[line 90, column 30]
2019-06-22 10:37:26,129 - Left side (${versionFieldName}) of '==' operation has null value. If it is a reference, it may not be in the context or its toString() returned null. /templates/entity.java.vm[line 86, column 26]
2019-06-22 10:37:26,129 - Left side (${logicDeleteFieldName}) of '==' operation has null value. If it is a reference, it may not be in the context or its toString() returned null. /templates/entity.java.vm[line 90, column 30]
2019-06-22 10:37:26,129 - Left side (${versionFieldName}) of '==' operation has null value. If it is a reference, it may not be in the context or its toString() returned null. /templates/entity.java.vm[line 86, column 26]
2019-06-22 10:37:26,129 - Left side (${logicDeleteFieldName}) of '==' operation has null value. If it is a reference, it may not be in the context or its toString() returned null. /templates/entity.java.vm[line 90, column 30]
2019-06-22 10:37:26,129 - Left side (${versionFieldName}) of '==' operation has null value. If it is a reference, it may not be in the context or its toString() returned null. /templates/entity.java.vm[line 86, column 26]
2019-06-22 10:37:26,129 - Left side (${logicDeleteFieldName}) of '==' operation has null value. If it is a reference, it may not be in the context or its toString() returned null. /templates/entity.java.vm[line 90, column 30]
2019-06-22 10:37:26,130 - Left side (${versionFieldName}) of '==' operation has null value. If it is a reference, it may not be in the context or its toString() returned null. /templates/entity.java.vm[line 86, column 26]
2019-06-22 10:37:26,130 - Left side (${logicDeleteFieldName}) of '==' operation has null value. If it is a reference, it may not be in the context or its toString() returned null. /templates/entity.java.vm[line 90, column 30]
2019-06-22 10:37:26,130 - Left side (${versionFieldName}) of '==' operation has null value. If it is a reference, it may not be in the context or its toString() returned null. /templates/entity.java.vm[line 86, column 26]
2019-06-22 10:37:26,130 - Left side (${logicDeleteFieldName}) of '==' operation has null value. If it is a reference, it may not be in the context or its toString() returned null. /templates/entity.java.vm[line 90, column 30]
2019-06-22 10:37:26,130 - Left side (${versionFieldName}) of '==' operation has null value. If it is a reference, it may not be in the context or its toString() returned null. /templates/entity.java.vm[line 86, column 26]
2019-06-22 10:37:26,130 - Left side (${logicDeleteFieldName}) of '==' operation has null value. If it is a reference, it may not be in the context or its toString() returned null. /templates/entity.java.vm[line 90, column 30]
2019-06-22 10:37:26,130 - Left side (${versionFieldName}) of '==' operation has null value. If it is a reference, it may not be in the context or its toString() returned null. /templates/entity.java.vm[line 86, column 26]
2019-06-22 10:37:26,130 - Left side (${logicDeleteFieldName}) of '==' operation has null value. If it is a reference, it may not be in the context or its toString() returned null. /templates/entity.java.vm[line 90, column 30]
2019-06-22 10:37:26,130 - Left side (${versionFieldName}) of '==' operation has null value. If it is a reference, it may not be in the context or its toString() returned null. /templates/entity.java.vm[line 86, column 26]
2019-06-22 10:37:26,130 - Left side (${logicDeleteFieldName}) of '==' operation has null value. If it is a reference, it may not be in the context or its toString() returned null. /templates/entity.java.vm[line 90, column 30]
2019-06-22 10:37:26,130 - Left side (${versionFieldName}) of '==' operation has null value. If it is a reference, it may not be in the context or its toString() returned null. /templates/entity.java.vm[line 86, column 26]
2019-06-22 10:37:26,161 - Left side (${logicDeleteFieldName}) of '==' operation has null value. If it is a reference, it may not be in the context or its toString() returned null. /templates/entity.java.vm[line 90, column 30]
2019-06-22 10:37:26,163 - ResourceManager : found /templates/mapper.java.vm with loader org.apache.velocity.runtime.resource.loader.ClasspathResourceLoader
2019-06-22 10:37:26,168 - ResourceManager : found /templates/mapper.xml.vm with loader org.apache.velocity.runtime.resource.loader.ClasspathResourceLoader
2019-06-22 10:37:26,172 - ResourceManager : found /templates/service.java.vm with loader org.apache.velocity.runtime.resource.loader.ClasspathResourceLoader
2019-06-22 10:37:26,178 - ResourceManager : found /templates/serviceImpl.java.vm with loader org.apache.velocity.runtime.resource.loader.ClasspathResourceLoader
2019-06-22 10:37:26,183 - ResourceManager : found /templates/controller.java.vm with loader org.apache.velocity.runtime.resource.loader.ClasspathResourceLoader
2021-07-05 12:07:55,727 - Log4JLogChute initialized using file 'velocity.log'
2021-07-05 12:07:55,728 - Initializing Velocity, Calling init()...
2021-07-05 12:07:55,728 - Starting Apache Velocity v1.7 (compiled: 2010-11-19 12:14:37)
2021-07-05 12:07:55,728 - Default Properties File: org\apache\velocity\runtime\defaults\velocity.properties
2021-07-05 12:07:55,728 - Trying to use logger class org.apache.velocity.runtime.log.AvalonLogChute
2021-07-05 12:07:55,728 - Target log system for org.apache.velocity.runtime.log.AvalonLogChute is not available (java.lang.NoClassDefFoundError: org/apache/log/format/Formatter).  Falling back to next log system...
2021-07-05 12:07:55,728 - Trying to use logger class org.apache.velocity.runtime.log.Log4JLogChute
2021-07-05 12:07:55,728 - Using logger class org.apache.velocity.runtime.log.Log4JLogChute
2021-07-05 12:07:55,735 - ResourceLoader instantiated: org.apache.velocity.runtime.resource.loader.ClasspathResourceLoader
2021-07-05 12:07:55,762 - ResourceCache: initialized (class org.apache.velocity.runtime.resource.ResourceCacheImpl) with class java.util.Collections$SynchronizedMap cache map.
2021-07-05 12:07:55,764 - Loaded System Directive: org.apache.velocity.runtime.directive.Stop
2021-07-05 12:07:55,767 - Loaded System Directive: org.apache.velocity.runtime.directive.Define
2021-07-05 12:07:55,768 - Loaded System Directive: org.apache.velocity.runtime.directive.Break
2021-07-05 12:07:55,769 - Loaded System Directive: org.apache.velocity.runtime.directive.Evaluate
2021-07-05 12:07:55,770 - Loaded System Directive: org.apache.velocity.runtime.directive.Literal
2021-07-05 12:07:55,772 - Loaded System Directive: org.apache.velocity.runtime.directive.Macro
2021-07-05 12:07:55,775 - Loaded System Directive: org.apache.velocity.runtime.directive.Parse
2021-07-05 12:07:55,778 - Loaded System Directive: org.apache.velocity.runtime.directive.Include
2021-07-05 12:07:55,779 - Loaded System Directive: org.apache.velocity.runtime.directive.Foreach
2021-07-05 12:07:55,835 - Created '20' parsers.
2021-07-05 12:07:55,871 - Velocimacro : "velocimacro.library" is not set.  Trying default library: VM_global_library.vm
2021-07-05 12:07:55,871 - Could not load resource 'VM_global_library.vm' from ResourceLoader org.apache.velocity.runtime.resource.loader.ClasspathResourceLoader: ClasspathResourceLoader Error: cannot find resource VM_global_library.vm
2021-07-05 12:07:55,872 - Velocimacro : Default library not found.
2021-07-05 12:07:55,872 - Velocimacro : allowInline = true : VMs can be defined inline in templates
2021-07-05 12:07:55,872 - Velocimacro : allowInlineToOverride = false : VMs defined inline may NOT replace previous VM definitions
2021-07-05 12:07:55,872 - Velocimacro : allowInlineLocal = false : VMs defined inline will be global in scope if allowed.
2021-07-05 12:07:55,872 - Velocimacro : autoload off : VM system will not automatically reload global library macros
2021-07-05 12:07:55,904 - ResourceManager : found /templates/mapper.xml.vm with loader org.apache.velocity.runtime.resource.loader.ClasspathResourceLoader
2021-07-05 12:07:55,944 - ResourceManager : found /templates/entity.java.vm with loader org.apache.velocity.runtime.resource.loader.ClasspathResourceLoader
2021-07-05 12:07:55,949 - Left side (${versionFieldName}) of '==' operation has null value. If it is a reference, it may not be in the context or its toString() returned null. /templates/entity.java.vm[line 86, column 26]
2021-07-05 12:07:55,949 - Left side (${logicDeleteFieldName}) of '==' operation has null value. If it is a reference, it may not be in the context or its toString() returned null. /templates/entity.java.vm[line 90, column 30]
2021-07-05 12:07:55,950 - Left side (${versionFieldName}) of '==' operation has null value. If it is a reference, it may not be in the context or its toString() returned null. /templates/entity.java.vm[line 86, column 26]
2021-07-05 12:07:55,950 - Left side (${logicDeleteFieldName}) of '==' operation has null value. If it is a reference, it may not be in the context or its toString() returned null. /templates/entity.java.vm[line 90, column 30]
2021-07-05 12:07:55,950 - Left side (${versionFieldName}) of '==' operation has null value. If it is a reference, it may not be in the context or its toString() returned null. /templates/entity.java.vm[line 86, column 26]
2021-07-05 12:07:55,950 - Left side (${logicDeleteFieldName}) of '==' operation has null value. If it is a reference, it may not be in the context or its toString() returned null. /templates/entity.java.vm[line 90, column 30]
2021-07-05 12:07:55,954 - Left side (${versionFieldName}) of '==' operation has null value. If it is a reference, it may not be in the context or its toString() returned null. /templates/entity.java.vm[line 86, column 26]
2021-07-05 12:07:55,955 - Left side (${logicDeleteFieldName}) of '==' operation has null value. If it is a reference, it may not be in the context or its toString() returned null. /templates/entity.java.vm[line 90, column 30]
2021-07-05 12:07:55,958 - ResourceManager : found /templates/mapper.java.vm with loader org.apache.velocity.runtime.resource.loader.ClasspathResourceLoader
2021-07-05 12:07:55,970 - ResourceManager : found /templates/mapper.xml.vm with loader org.apache.velocity.runtime.resource.loader.ClasspathResourceLoader
2021-07-05 12:07:56,057 - ResourceManager : found /templates/service.java.vm with loader org.apache.velocity.runtime.resource.loader.ClasspathResourceLoader
2021-07-05 12:07:56,063 - ResourceManager : found /templates/serviceImpl.java.vm with loader org.apache.velocity.runtime.resource.loader.ClasspathResourceLoader
2021-07-05 12:07:56,070 - ResourceManager : found /templates/controller.java.vm with loader org.apache.velocity.runtime.resource.loader.ClasspathResourceLoader
2021-07-05 12:07:56,081 - ResourceManager : found /templates/mapper.xml.vm with loader org.apache.velocity.runtime.resource.loader.ClasspathResourceLoader
2021-07-05 12:07:56,124 - ResourceManager : found /templates/entity.java.vm with loader org.apache.velocity.runtime.resource.loader.ClasspathResourceLoader
2021-07-05 12:07:56,143 - Left side (${versionFieldName}) of '==' operation has null value. If it is a reference, it may not be in the context or its toString() returned null. /templates/entity.java.vm[line 86, column 26]
2021-07-05 12:07:56,143 - Left side (${logicDeleteFieldName}) of '==' operation has null value. If it is a reference, it may not be in the context or its toString() returned null. /templates/entity.java.vm[line 90, column 30]
2021-07-05 12:07:56,144 - Left side (${versionFieldName}) of '==' operation has null value. If it is a reference, it may not be in the context or its toString() returned null. /templates/entity.java.vm[line 86, column 26]
2021-07-05 12:07:56,144 - Left side (${logicDeleteFieldName}) of '==' operation has null value. If it is a reference, it may not be in the context or its toString() returned null. /templates/entity.java.vm[line 90, column 30]
2021-07-05 12:07:56,150 - Left side (${versionFieldName}) of '==' operation has null value. If it is a reference, it may not be in the context or its toString() returned null. /templates/entity.java.vm[line 86, column 26]
2021-07-05 12:07:56,150 - Left side (${logicDeleteFieldName}) of '==' operation has null value. If it is a reference, it may not be in the context or its toString() returned null. /templates/entity.java.vm[line 90, column 30]
2021-07-05 12:07:56,151 - Left side (${versionFieldName}) of '==' operation has null value. If it is a reference, it may not be in the context or its toString() returned null. /templates/entity.java.vm[line 86, column 26]
2021-07-05 12:07:56,151 - Left side (${logicDeleteFieldName}) of '==' operation has null value. If it is a reference, it may not be in the context or its toString() returned null. /templates/entity.java.vm[line 90, column 30]
2021-07-05 12:07:56,151 - Left side (${versionFieldName}) of '==' operation has null value. If it is a reference, it may not be in the context or its toString() returned null. /templates/entity.java.vm[line 86, column 26]
2021-07-05 12:07:56,151 - Left side (${logicDeleteFieldName}) of '==' operation has null value. If it is a reference, it may not be in the context or its toString() returned null. /templates/entity.java.vm[line 90, column 30]
2021-07-05 12:07:56,159 - ResourceManager : found /templates/mapper.java.vm with loader org.apache.velocity.runtime.resource.loader.ClasspathResourceLoader
2021-07-05 12:07:56,175 - ResourceManager : found /templates/mapper.xml.vm with loader org.apache.velocity.runtime.resource.loader.ClasspathResourceLoader
2021-07-05 12:07:56,183 - ResourceManager : found /templates/service.java.vm with loader org.apache.velocity.runtime.resource.loader.ClasspathResourceLoader
2021-07-05 12:07:56,195 - ResourceManager : found /templates/serviceImpl.java.vm with loader org.apache.velocity.runtime.resource.loader.ClasspathResourceLoader
2021-07-05 12:07:56,203 - ResourceManager : found /templates/controller.java.vm with loader org.apache.velocity.runtime.resource.loader.ClasspathResourceLoader
2021-07-07 15:17:25,437 - Log4JLogChute initialized using file 'velocity.log'
2021-07-07 15:17:25,437 - Initializing Velocity, Calling init()...
2021-07-07 15:17:25,437 - Starting Apache Velocity v1.7 (compiled: 2010-11-19 12:14:37)
2021-07-07 15:17:25,437 - Default Properties File: org\apache\velocity\runtime\defaults\velocity.properties
2021-07-07 15:17:25,438 - Trying to use logger class org.apache.velocity.runtime.log.AvalonLogChute
2021-07-07 15:17:25,438 - Target log system for org.apache.velocity.runtime.log.AvalonLogChute is not available (java.lang.NoClassDefFoundError: org/apache/log/format/Formatter).  Falling back to next log system...
2021-07-07 15:17:25,438 - Trying to use logger class org.apache.velocity.runtime.log.Log4JLogChute
2021-07-07 15:17:25,438 - Using logger class org.apache.velocity.runtime.log.Log4JLogChute
2021-07-07 15:17:25,450 - ResourceLoader instantiated: org.apache.velocity.runtime.resource.loader.ClasspathResourceLoader
2021-07-07 15:17:25,502 - ResourceCache: initialized (class org.apache.velocity.runtime.resource.ResourceCacheImpl) with class java.util.Collections$SynchronizedMap cache map.
2021-07-07 15:17:25,504 - Loaded System Directive: org.apache.velocity.runtime.directive.Stop
2021-07-07 15:17:25,508 - Loaded System Directive: org.apache.velocity.runtime.directive.Define
2021-07-07 15:17:25,509 - Loaded System Directive: org.apache.velocity.runtime.directive.Break
2021-07-07 15:17:25,510 - Loaded System Directive: org.apache.velocity.runtime.directive.Evaluate
2021-07-07 15:17:25,512 - Loaded System Directive: org.apache.velocity.runtime.directive.Literal
2021-07-07 15:17:25,515 - Loaded System Directive: org.apache.velocity.runtime.directive.Macro
2021-07-07 15:17:25,522 - Loaded System Directive: org.apache.velocity.runtime.directive.Parse
2021-07-07 15:17:25,526 - Loaded System Directive: org.apache.velocity.runtime.directive.Include
2021-07-07 15:17:25,529 - Loaded System Directive: org.apache.velocity.runtime.directive.Foreach
2021-07-07 15:17:25,626 - Created '20' parsers.
2021-07-07 15:17:25,639 - Velocimacro : "velocimacro.library" is not set.  Trying default library: VM_global_library.vm
2021-07-07 15:17:25,640 - Could not load resource 'VM_global_library.vm' from ResourceLoader org.apache.velocity.runtime.resource.loader.ClasspathResourceLoader: ClasspathResourceLoader Error: cannot find resource VM_global_library.vm
2021-07-07 15:17:25,640 - Velocimacro : Default library not found.
2021-07-07 15:17:25,641 - Velocimacro : allowInline = true : VMs can be defined inline in templates
2021-07-07 15:17:25,641 - Velocimacro : allowInlineToOverride = false : VMs defined inline may NOT replace previous VM definitions
2021-07-07 15:17:25,641 - Velocimacro : allowInlineLocal = false : VMs defined inline will be global in scope if allowed.
2021-07-07 15:17:25,641 - Velocimacro : autoload off : VM system will not automatically reload global library macros
2021-07-07 15:17:25,682 - ResourceManager : found /templates/mapper.xml.vm with loader org.apache.velocity.runtime.resource.loader.ClasspathResourceLoader
2021-07-07 15:17:25,730 - ResourceManager : found /templates/entity.java.vm with loader org.apache.velocity.runtime.resource.loader.ClasspathResourceLoader
2021-07-07 15:17:25,736 - Left side (${versionFieldName}) of '==' operation has null value. If it is a reference, it may not be in the context or its toString() returned null. /templates/entity.java.vm[line 86, column 26]
2021-07-07 15:17:25,736 - Left side (${logicDeleteFieldName}) of '==' operation has null value. If it is a reference, it may not be in the context or its toString() returned null. /templates/entity.java.vm[line 90, column 30]
2021-07-07 15:17:25,736 - Left side (${versionFieldName}) of '==' operation has null value. If it is a reference, it may not be in the context or its toString() returned null. /templates/entity.java.vm[line 86, column 26]
2021-07-07 15:17:25,737 - Left side (${logicDeleteFieldName}) of '==' operation has null value. If it is a reference, it may not be in the context or its toString() returned null. /templates/entity.java.vm[line 90, column 30]
2021-07-07 15:17:25,737 - Left side (${versionFieldName}) of '==' operation has null value. If it is a reference, it may not be in the context or its toString() returned null. /templates/entity.java.vm[line 86, column 26]
2021-07-07 15:17:25,737 - Left side (${logicDeleteFieldName}) of '==' operation has null value. If it is a reference, it may not be in the context or its toString() returned null. /templates/entity.java.vm[line 90, column 30]
2021-07-07 15:17:25,742 - Left side (${versionFieldName}) of '==' operation has null value. If it is a reference, it may not be in the context or its toString() returned null. /templates/entity.java.vm[line 86, column 26]
2021-07-07 15:17:25,742 - Left side (${logicDeleteFieldName}) of '==' operation has null value. If it is a reference, it may not be in the context or its toString() returned null. /templates/entity.java.vm[line 90, column 30]
2021-07-07 15:17:25,745 - ResourceManager : found /templates/mapper.java.vm with loader org.apache.velocity.runtime.resource.loader.ClasspathResourceLoader
2021-07-07 15:17:25,758 - ResourceManager : found /templates/mapper.xml.vm with loader org.apache.velocity.runtime.resource.loader.ClasspathResourceLoader
2021-07-07 15:17:25,764 - ResourceManager : found /templates/service.java.vm with loader org.apache.velocity.runtime.resource.loader.ClasspathResourceLoader
2021-07-07 15:17:25,781 - ResourceManager : found /templates/serviceImpl.java.vm with loader org.apache.velocity.runtime.resource.loader.ClasspathResourceLoader
2021-07-07 15:17:25,788 - ResourceManager : found /templates/controller.java.vm with loader org.apache.velocity.runtime.resource.loader.ClasspathResourceLoader
2021-07-07 15:17:25,801 - ResourceManager : found /templates/mapper.xml.vm with loader org.apache.velocity.runtime.resource.loader.ClasspathResourceLoader
2021-07-07 15:17:25,822 - ResourceManager : found /templates/entity.java.vm with loader org.apache.velocity.runtime.resource.loader.ClasspathResourceLoader
2021-07-07 15:17:25,824 - Left side (${versionFieldName}) of '==' operation has null value. If it is a reference, it may not be in the context or its toString() returned null. /templates/entity.java.vm[line 86, column 26]
2021-07-07 15:17:25,824 - Left side (${logicDeleteFieldName}) of '==' operation has null value. If it is a reference, it may not be in the context or its toString() returned null. /templates/entity.java.vm[line 90, column 30]
2021-07-07 15:17:25,825 - Left side (${versionFieldName}) of '==' operation has null value. If it is a reference, it may not be in the context or its toString() returned null. /templates/entity.java.vm[line 86, column 26]
2021-07-07 15:17:25,825 - Left side (${logicDeleteFieldName}) of '==' operation has null value. If it is a reference, it may not be in the context or its toString() returned null. /templates/entity.java.vm[line 90, column 30]
2021-07-07 15:17:25,830 - ResourceManager : found /templates/mapper.java.vm with loader org.apache.velocity.runtime.resource.loader.ClasspathResourceLoader
2021-07-07 15:17:25,840 - ResourceManager : found /templates/mapper.xml.vm with loader org.apache.velocity.runtime.resource.loader.ClasspathResourceLoader
2021-07-07 15:17:25,845 - ResourceManager : found /templates/service.java.vm with loader org.apache.velocity.runtime.resource.loader.ClasspathResourceLoader
2021-07-07 15:17:25,851 - ResourceManager : found /templates/serviceImpl.java.vm with loader org.apache.velocity.runtime.resource.loader.ClasspathResourceLoader
2021-07-07 15:17:25,887 - ResourceManager : found /templates/controller.java.vm with loader org.apache.velocity.runtime.resource.loader.ClasspathResourceLoader
2021-07-07 15:17:25,901 - ResourceManager : found /templates/mapper.xml.vm with loader org.apache.velocity.runtime.resource.loader.ClasspathResourceLoader
2021-07-07 15:17:25,925 - ResourceManager : found /templates/entity.java.vm with loader org.apache.velocity.runtime.resource.loader.ClasspathResourceLoader
2021-07-07 15:17:25,927 - Left side (${versionFieldName}) of '==' operation has null value. If it is a reference, it may not be in the context or its toString() returned null. /templates/entity.java.vm[line 86, column 26]
2021-07-07 15:17:25,929 - Left side (${logicDeleteFieldName}) of '==' operation has null value. If it is a reference, it may not be in the context or its toString() returned null. /templates/entity.java.vm[line 90, column 30]
2021-07-07 15:17:25,930 - Left side (${versionFieldName}) of '==' operation has null value. If it is a reference, it may not be in the context or its toString() returned null. /templates/entity.java.vm[line 86, column 26]
2021-07-07 15:17:25,930 - Left side (${logicDeleteFieldName}) of '==' operation has null value. If it is a reference, it may not be in the context or its toString() returned null. /templates/entity.java.vm[line 90, column 30]
2021-07-07 15:17:25,930 - Left side (${versionFieldName}) of '==' operation has null value. If it is a reference, it may not be in the context or its toString() returned null. /templates/entity.java.vm[line 86, column 26]
2021-07-07 15:17:25,930 - Left side (${logicDeleteFieldName}) of '==' operation has null value. If it is a reference, it may not be in the context or its toString() returned null. /templates/entity.java.vm[line 90, column 30]
2021-07-07 15:17:25,930 - Left side (${versionFieldName}) of '==' operation has null value. If it is a reference, it may not be in the context or its toString() returned null. /templates/entity.java.vm[line 86, column 26]
2021-07-07 15:17:25,930 - Left side (${logicDeleteFieldName}) of '==' operation has null value. If it is a reference, it may not be in the context or its toString() returned null. /templates/entity.java.vm[line 90, column 30]
2021-07-07 15:17:25,932 - Left side (${versionFieldName}) of '==' operation has null value. If it is a reference, it may not be in the context or its toString() returned null. /templates/entity.java.vm[line 86, column 26]
2021-07-07 15:17:25,932 - Left side (${logicDeleteFieldName}) of '==' operation has null value. If it is a reference, it may not be in the context or its toString() returned null. /templates/entity.java.vm[line 90, column 30]
2021-07-07 15:17:25,945 - ResourceManager : found /templates/mapper.java.vm with loader org.apache.velocity.runtime.resource.loader.ClasspathResourceLoader
2021-07-07 15:17:26,003 - ResourceManager : found /templates/mapper.xml.vm with loader org.apache.velocity.runtime.resource.loader.ClasspathResourceLoader
2021-07-07 15:17:26,041 - ResourceManager : found /templates/service.java.vm with loader org.apache.velocity.runtime.resource.loader.ClasspathResourceLoader
2021-07-07 15:17:26,048 - ResourceManager : found /templates/serviceImpl.java.vm with loader org.apache.velocity.runtime.resource.loader.ClasspathResourceLoader
2021-07-07 15:17:26,056 - ResourceManager : found /templates/controller.java.vm with loader org.apache.velocity.runtime.resource.loader.ClasspathResourceLoader
2023-05-16 15:41:54,245 - Log4JLogChute initialized using file 'velocity.log'
2023-05-16 15:41:54,245 - Initializing Velocity, Calling init()...
2023-05-16 15:41:54,245 - Starting Apache Velocity v1.7 (compiled: 2010-11-19 12:14:37)
2023-05-16 15:41:54,246 - Default Properties File: org\apache\velocity\runtime\defaults\velocity.properties
2023-05-16 15:41:54,246 - Trying to use logger class org.apache.velocity.runtime.log.AvalonLogChute
2023-05-16 15:41:54,246 - Target log system for org.apache.velocity.runtime.log.AvalonLogChute is not available (java.lang.NoClassDefFoundError: org/apache/log/format/Formatter).  Falling back to next log system...
2023-05-16 15:41:54,246 - Trying to use logger class org.apache.velocity.runtime.log.Log4JLogChute
2023-05-16 15:41:54,246 - Using logger class org.apache.velocity.runtime.log.Log4JLogChute
2023-05-16 15:41:54,249 - ResourceLoader instantiated: org.apache.velocity.runtime.resource.loader.ClasspathResourceLoader
2023-05-16 15:41:54,257 - ResourceCache: initialized (class org.apache.velocity.runtime.resource.ResourceCacheImpl) with class java.util.Collections$SynchronizedMap cache map.
2023-05-16 15:41:54,258 - Loaded System Directive: org.apache.velocity.runtime.directive.Stop
2023-05-16 15:41:54,259 - Loaded System Directive: org.apache.velocity.runtime.directive.Define
2023-05-16 15:41:54,259 - Loaded System Directive: org.apache.velocity.runtime.directive.Break
2023-05-16 15:41:54,260 - Loaded System Directive: org.apache.velocity.runtime.directive.Evaluate
2023-05-16 15:41:54,260 - Loaded System Directive: org.apache.velocity.runtime.directive.Literal
2023-05-16 15:41:54,260 - Loaded System Directive: org.apache.velocity.runtime.directive.Macro
2023-05-16 15:41:54,261 - Loaded System Directive: org.apache.velocity.runtime.directive.Parse
2023-05-16 15:41:54,262 - Loaded System Directive: org.apache.velocity.runtime.directive.Include
2023-05-16 15:41:54,262 - Loaded System Directive: org.apache.velocity.runtime.directive.Foreach
2023-05-16 15:41:54,279 - Created '20' parsers.
2023-05-16 15:41:54,281 - Velocimacro : "velocimacro.library" is not set.  Trying default library: VM_global_library.vm
2023-05-16 15:41:54,282 - Could not load resource 'VM_global_library.vm' from ResourceLoader org.apache.velocity.runtime.resource.loader.ClasspathResourceLoader: ClasspathResourceLoader Error: cannot find resource VM_global_library.vm
2023-05-16 15:41:54,282 - Velocimacro : Default library not found.
2023-05-16 15:41:54,282 - Velocimacro : allowInline = true : VMs can be defined inline in templates
2023-05-16 15:41:54,282 - Velocimacro : allowInlineToOverride = false : VMs defined inline may NOT replace previous VM definitions
2023-05-16 15:41:54,282 - Velocimacro : allowInlineLocal = false : VMs defined inline will be global in scope if allowed.
2023-05-16 15:41:54,282 - Velocimacro : autoload off : VM system will not automatically reload global library macros
2023-05-16 15:41:54,290 - ResourceManager : found /templates/mapper.xml.vm with loader org.apache.velocity.runtime.resource.loader.ClasspathResourceLoader
2023-05-16 15:41:54,308 - ResourceManager : found /templates/entity.java.vm with loader org.apache.velocity.runtime.resource.loader.ClasspathResourceLoader
2023-05-16 15:41:54,310 - Left side (${versionFieldName}) of '==' operation has null value. If it is a reference, it may not be in the context or its toString() returned null. /templates/entity.java.vm[line 86, column 26]
2023-05-16 15:41:54,310 - Left side (${logicDeleteFieldName}) of '==' operation has null value. If it is a reference, it may not be in the context or its toString() returned null. /templates/entity.java.vm[line 90, column 30]
2023-05-16 15:41:54,310 - Left side (${versionFieldName}) of '==' operation has null value. If it is a reference, it may not be in the context or its toString() returned null. /templates/entity.java.vm[line 86, column 26]
2023-05-16 15:41:54,310 - Left side (${logicDeleteFieldName}) of '==' operation has null value. If it is a reference, it may not be in the context or its toString() returned null. /templates/entity.java.vm[line 90, column 30]
2023-05-16 15:41:54,310 - Left side (${versionFieldName}) of '==' operation has null value. If it is a reference, it may not be in the context or its toString() returned null. /templates/entity.java.vm[line 86, column 26]
2023-05-16 15:41:54,310 - Left side (${logicDeleteFieldName}) of '==' operation has null value. If it is a reference, it may not be in the context or its toString() returned null. /templates/entity.java.vm[line 90, column 30]
2023-05-16 15:41:54,310 - Left side (${versionFieldName}) of '==' operation has null value. If it is a reference, it may not be in the context or its toString() returned null. /templates/entity.java.vm[line 86, column 26]
2023-05-16 15:41:54,310 - Left side (${logicDeleteFieldName}) of '==' operation has null value. If it is a reference, it may not be in the context or its toString() returned null. /templates/entity.java.vm[line 90, column 30]
2023-05-16 15:41:54,310 - Left side (${versionFieldName}) of '==' operation has null value. If it is a reference, it may not be in the context or its toString() returned null. /templates/entity.java.vm[line 86, column 26]
2023-05-16 15:41:54,310 - Left side (${logicDeleteFieldName}) of '==' operation has null value. If it is a reference, it may not be in the context or its toString() returned null. /templates/entity.java.vm[line 90, column 30]
2023-05-16 15:41:54,311 - Left side (${versionFieldName}) of '==' operation has null value. If it is a reference, it may not be in the context or its toString() returned null. /templates/entity.java.vm[line 86, column 26]
2023-05-16 15:41:54,311 - Left side (${logicDeleteFieldName}) of '==' operation has null value. If it is a reference, it may not be in the context or its toString() returned null. /templates/entity.java.vm[line 90, column 30]
2023-05-16 15:41:54,311 - Left side (${versionFieldName}) of '==' operation has null value. If it is a reference, it may not be in the context or its toString() returned null. /templates/entity.java.vm[line 86, column 26]
2023-05-16 15:41:54,311 - Left side (${logicDeleteFieldName}) of '==' operation has null value. If it is a reference, it may not be in the context or its toString() returned null. /templates/entity.java.vm[line 90, column 30]
2023-05-16 15:41:54,311 - Left side (${versionFieldName}) of '==' operation has null value. If it is a reference, it may not be in the context or its toString() returned null. /templates/entity.java.vm[line 86, column 26]
2023-05-16 15:41:54,311 - Left side (${logicDeleteFieldName}) of '==' operation has null value. If it is a reference, it may not be in the context or its toString() returned null. /templates/entity.java.vm[line 90, column 30]
2023-05-16 15:41:54,311 - Left side (${versionFieldName}) of '==' operation has null value. If it is a reference, it may not be in the context or its toString() returned null. /templates/entity.java.vm[line 86, column 26]
2023-05-16 15:41:54,311 - Left side (${logicDeleteFieldName}) of '==' operation has null value. If it is a reference, it may not be in the context or its toString() returned null. /templates/entity.java.vm[line 90, column 30]
2023-05-16 15:41:54,311 - Left side (${versionFieldName}) of '==' operation has null value. If it is a reference, it may not be in the context or its toString() returned null. /templates/entity.java.vm[line 86, column 26]
2023-05-16 15:41:54,311 - Left side (${logicDeleteFieldName}) of '==' operation has null value. If it is a reference, it may not be in the context or its toString() returned null. /templates/entity.java.vm[line 90, column 30]
2023-05-16 15:41:54,311 - Left side (${versionFieldName}) of '==' operation has null value. If it is a reference, it may not be in the context or its toString() returned null. /templates/entity.java.vm[line 86, column 26]
2023-05-16 15:41:54,311 - Left side (${logicDeleteFieldName}) of '==' operation has null value. If it is a reference, it may not be in the context or its toString() returned null. /templates/entity.java.vm[line 90, column 30]
2023-05-16 15:41:54,312 - Left side (${versionFieldName}) of '==' operation has null value. If it is a reference, it may not be in the context or its toString() returned null. /templates/entity.java.vm[line 86, column 26]
2023-05-16 15:41:54,312 - Left side (${logicDeleteFieldName}) of '==' operation has null value. If it is a reference, it may not be in the context or its toString() returned null. /templates/entity.java.vm[line 90, column 30]
2023-05-16 15:41:54,312 - Left side (${versionFieldName}) of '==' operation has null value. If it is a reference, it may not be in the context or its toString() returned null. /templates/entity.java.vm[line 86, column 26]
2023-05-16 15:41:54,312 - Left side (${logicDeleteFieldName}) of '==' operation has null value. If it is a reference, it may not be in the context or its toString() returned null. /templates/entity.java.vm[line 90, column 30]
2023-05-16 15:41:54,312 - Left side (${versionFieldName}) of '==' operation has null value. If it is a reference, it may not be in the context or its toString() returned null. /templates/entity.java.vm[line 86, column 26]
2023-05-16 15:41:54,312 - Left side (${logicDeleteFieldName}) of '==' operation has null value. If it is a reference, it may not be in the context or its toString() returned null. /templates/entity.java.vm[line 90, column 30]
2023-05-16 15:41:54,312 - Left side (${versionFieldName}) of '==' operation has null value. If it is a reference, it may not be in the context or its toString() returned null. /templates/entity.java.vm[line 86, column 26]
2023-05-16 15:41:54,312 - Left side (${logicDeleteFieldName}) of '==' operation has null value. If it is a reference, it may not be in the context or its toString() returned null. /templates/entity.java.vm[line 90, column 30]
2023-05-16 15:41:54,314 - ResourceManager : found /templates/mapper.java.vm with loader org.apache.velocity.runtime.resource.loader.ClasspathResourceLoader
2023-05-16 15:41:54,316 - ResourceManager : found /templates/mapper.xml.vm with loader org.apache.velocity.runtime.resource.loader.ClasspathResourceLoader
2023-05-16 15:41:54,319 - ResourceManager : found /templates/service.java.vm with loader org.apache.velocity.runtime.resource.loader.ClasspathResourceLoader
2023-05-16 15:41:54,322 - ResourceManager : found /templates/serviceImpl.java.vm with loader org.apache.velocity.runtime.resource.loader.ClasspathResourceLoader
2023-05-16 15:41:54,325 - ResourceManager : found /templates/controller.java.vm with loader org.apache.velocity.runtime.resource.loader.ClasspathResourceLoader
2023-05-16 15:41:54,329 - ResourceManager : found /templates/mapper.xml.vm with loader org.apache.velocity.runtime.resource.loader.ClasspathResourceLoader
2023-05-16 15:41:54,337 - ResourceManager : found /templates/entity.java.vm with loader org.apache.velocity.runtime.resource.loader.ClasspathResourceLoader
2023-05-16 15:41:54,338 - Left side (${versionFieldName}) of '==' operation has null value. If it is a reference, it may not be in the context or its toString() returned null. /templates/entity.java.vm[line 86, column 26]
2023-05-16 15:41:54,338 - Left side (${logicDeleteFieldName}) of '==' operation has null value. If it is a reference, it may not be in the context or its toString() returned null. /templates/entity.java.vm[line 90, column 30]
2023-05-16 15:41:54,338 - Left side (${versionFieldName}) of '==' operation has null value. If it is a reference, it may not be in the context or its toString() returned null. /templates/entity.java.vm[line 86, column 26]
2023-05-16 15:41:54,339 - Left side (${logicDeleteFieldName}) of '==' operation has null value. If it is a reference, it may not be in the context or its toString() returned null. /templates/entity.java.vm[line 90, column 30]
2023-05-16 15:41:54,339 - Left side (${versionFieldName}) of '==' operation has null value. If it is a reference, it may not be in the context or its toString() returned null. /templates/entity.java.vm[line 86, column 26]
2023-05-16 15:41:54,339 - Left side (${logicDeleteFieldName}) of '==' operation has null value. If it is a reference, it may not be in the context or its toString() returned null. /templates/entity.java.vm[line 90, column 30]
2023-05-16 15:41:54,339 - Left side (${versionFieldName}) of '==' operation has null value. If it is a reference, it may not be in the context or its toString() returned null. /templates/entity.java.vm[line 86, column 26]
2023-05-16 15:41:54,339 - Left side (${logicDeleteFieldName}) of '==' operation has null value. If it is a reference, it may not be in the context or its toString() returned null. /templates/entity.java.vm[line 90, column 30]
2023-05-16 15:41:54,339 - Left side (${versionFieldName}) of '==' operation has null value. If it is a reference, it may not be in the context or its toString() returned null. /templates/entity.java.vm[line 86, column 26]
2023-05-16 15:41:54,339 - Left side (${logicDeleteFieldName}) of '==' operation has null value. If it is a reference, it may not be in the context or its toString() returned null. /templates/entity.java.vm[line 90, column 30]
2023-05-16 15:41:54,339 - Left side (${versionFieldName}) of '==' operation has null value. If it is a reference, it may not be in the context or its toString() returned null. /templates/entity.java.vm[line 86, column 26]
2023-05-16 15:41:54,339 - Left side (${logicDeleteFieldName}) of '==' operation has null value. If it is a reference, it may not be in the context or its toString() returned null. /templates/entity.java.vm[line 90, column 30]
2023-05-16 15:41:54,339 - Left side (${versionFieldName}) of '==' operation has null value. If it is a reference, it may not be in the context or its toString() returned null. /templates/entity.java.vm[line 86, column 26]
2023-05-16 15:41:54,339 - Left side (${logicDeleteFieldName}) of '==' operation has null value. If it is a reference, it may not be in the context or its toString() returned null. /templates/entity.java.vm[line 90, column 30]
2023-05-16 15:41:54,340 - Left side (${versionFieldName}) of '==' operation has null value. If it is a reference, it may not be in the context or its toString() returned null. /templates/entity.java.vm[line 86, column 26]
2023-05-16 15:41:54,340 - Left side (${logicDeleteFieldName}) of '==' operation has null value. If it is a reference, it may not be in the context or its toString() returned null. /templates/entity.java.vm[line 90, column 30]
2023-05-16 15:41:54,340 - Left side (${versionFieldName}) of '==' operation has null value. If it is a reference, it may not be in the context or its toString() returned null. /templates/entity.java.vm[line 86, column 26]
2023-05-16 15:41:54,340 - Left side (${logicDeleteFieldName}) of '==' operation has null value. If it is a reference, it may not be in the context or its toString() returned null. /templates/entity.java.vm[line 90, column 30]
2023-05-16 15:41:54,340 - Left side (${versionFieldName}) of '==' operation has null value. If it is a reference, it may not be in the context or its toString() returned null. /templates/entity.java.vm[line 86, column 26]
2023-05-16 15:41:54,340 - Left side (${logicDeleteFieldName}) of '==' operation has null value. If it is a reference, it may not be in the context or its toString() returned null. /templates/entity.java.vm[line 90, column 30]
2023-05-16 15:41:54,340 - Left side (${versionFieldName}) of '==' operation has null value. If it is a reference, it may not be in the context or its toString() returned null. /templates/entity.java.vm[line 86, column 26]
2023-05-16 15:41:54,340 - Left side (${logicDeleteFieldName}) of '==' operation has null value. If it is a reference, it may not be in the context or its toString() returned null. /templates/entity.java.vm[line 90, column 30]
2023-05-16 15:41:54,340 - Left side (${versionFieldName}) of '==' operation has null value. If it is a reference, it may not be in the context or its toString() returned null. /templates/entity.java.vm[line 86, column 26]
2023-05-16 15:41:54,340 - Left side (${logicDeleteFieldName}) of '==' operation has null value. If it is a reference, it may not be in the context or its toString() returned null. /templates/entity.java.vm[line 90, column 30]
2023-05-16 15:41:54,340 - Left side (${versionFieldName}) of '==' operation has null value. If it is a reference, it may not be in the context or its toString() returned null. /templates/entity.java.vm[line 86, column 26]
2023-05-16 15:41:54,340 - Left side (${logicDeleteFieldName}) of '==' operation has null value. If it is a reference, it may not be in the context or its toString() returned null. /templates/entity.java.vm[line 90, column 30]
2023-05-16 15:41:54,340 - Left side (${versionFieldName}) of '==' operation has null value. If it is a reference, it may not be in the context or its toString() returned null. /templates/entity.java.vm[line 86, column 26]
2023-05-16 15:41:54,340 - Left side (${logicDeleteFieldName}) of '==' operation has null value. If it is a reference, it may not be in the context or its toString() returned null. /templates/entity.java.vm[line 90, column 30]
2023-05-16 15:41:54,342 - ResourceManager : found /templates/mapper.java.vm with loader org.apache.velocity.runtime.resource.loader.ClasspathResourceLoader
2023-05-16 15:41:54,345 - ResourceManager : found /templates/mapper.xml.vm with loader org.apache.velocity.runtime.resource.loader.ClasspathResourceLoader
2023-05-16 15:41:54,347 - ResourceManager : found /templates/service.java.vm with loader org.apache.velocity.runtime.resource.loader.ClasspathResourceLoader
2023-05-16 15:41:54,350 - ResourceManager : found /templates/serviceImpl.java.vm with loader org.apache.velocity.runtime.resource.loader.ClasspathResourceLoader
2023-05-16 15:41:54,352 - ResourceManager : found /templates/controller.java.vm with loader org.apache.velocity.runtime.resource.loader.ClasspathResourceLoader
2023-05-16 15:41:54,356 - ResourceManager : found /templates/mapper.xml.vm with loader org.apache.velocity.runtime.resource.loader.ClasspathResourceLoader
2023-05-16 15:41:54,367 - ResourceManager : found /templates/entity.java.vm with loader org.apache.velocity.runtime.resource.loader.ClasspathResourceLoader
2023-05-16 15:41:54,368 - Left side (${versionFieldName}) of '==' operation has null value. If it is a reference, it may not be in the context or its toString() returned null. /templates/entity.java.vm[line 86, column 26]
2023-05-16 15:41:54,368 - Left side (${logicDeleteFieldName}) of '==' operation has null value. If it is a reference, it may not be in the context or its toString() returned null. /templates/entity.java.vm[line 90, column 30]
2023-05-16 15:41:54,368 - Left side (${versionFieldName}) of '==' operation has null value. If it is a reference, it may not be in the context or its toString() returned null. /templates/entity.java.vm[line 86, column 26]
2023-05-16 15:41:54,368 - Left side (${logicDeleteFieldName}) of '==' operation has null value. If it is a reference, it may not be in the context or its toString() returned null. /templates/entity.java.vm[line 90, column 30]
2023-05-16 15:41:54,368 - Left side (${versionFieldName}) of '==' operation has null value. If it is a reference, it may not be in the context or its toString() returned null. /templates/entity.java.vm[line 86, column 26]
2023-05-16 15:41:54,368 - Left side (${logicDeleteFieldName}) of '==' operation has null value. If it is a reference, it may not be in the context or its toString() returned null. /templates/entity.java.vm[line 90, column 30]
2023-05-16 15:41:54,368 - Left side (${versionFieldName}) of '==' operation has null value. If it is a reference, it may not be in the context or its toString() returned null. /templates/entity.java.vm[line 86, column 26]
2023-05-16 15:41:54,368 - Left side (${logicDeleteFieldName}) of '==' operation has null value. If it is a reference, it may not be in the context or its toString() returned null. /templates/entity.java.vm[line 90, column 30]
2023-05-16 15:41:54,368 - Left side (${versionFieldName}) of '==' operation has null value. If it is a reference, it may not be in the context or its toString() returned null. /templates/entity.java.vm[line 86, column 26]
2023-05-16 15:41:54,368 - Left side (${logicDeleteFieldName}) of '==' operation has null value. If it is a reference, it may not be in the context or its toString() returned null. /templates/entity.java.vm[line 90, column 30]
2023-05-16 15:41:54,368 - Left side (${versionFieldName}) of '==' operation has null value. If it is a reference, it may not be in the context or its toString() returned null. /templates/entity.java.vm[line 86, column 26]
2023-05-16 15:41:54,368 - Left side (${logicDeleteFieldName}) of '==' operation has null value. If it is a reference, it may not be in the context or its toString() returned null. /templates/entity.java.vm[line 90, column 30]
2023-05-16 15:41:54,368 - Left side (${versionFieldName}) of '==' operation has null value. If it is a reference, it may not be in the context or its toString() returned null. /templates/entity.java.vm[line 86, column 26]
2023-05-16 15:41:54,369 - Left side (${logicDeleteFieldName}) of '==' operation has null value. If it is a reference, it may not be in the context or its toString() returned null. /templates/entity.java.vm[line 90, column 30]
2023-05-16 15:41:54,369 - Left side (${versionFieldName}) of '==' operation has null value. If it is a reference, it may not be in the context or its toString() returned null. /templates/entity.java.vm[line 86, column 26]
2023-05-16 15:41:54,369 - Left side (${logicDeleteFieldName}) of '==' operation has null value. If it is a reference, it may not be in the context or its toString() returned null. /templates/entity.java.vm[line 90, column 30]
2023-05-16 15:41:54,369 - Left side (${versionFieldName}) of '==' operation has null value. If it is a reference, it may not be in the context or its toString() returned null. /templates/entity.java.vm[line 86, column 26]
2023-05-16 15:41:54,369 - Left side (${logicDeleteFieldName}) of '==' operation has null value. If it is a reference, it may not be in the context or its toString() returned null. /templates/entity.java.vm[line 90, column 30]
2023-05-16 15:41:54,369 - Left side (${versionFieldName}) of '==' operation has null value. If it is a reference, it may not be in the context or its toString() returned null. /templates/entity.java.vm[line 86, column 26]
2023-05-16 15:41:54,369 - Left side (${logicDeleteFieldName}) of '==' operation has null value. If it is a reference, it may not be in the context or its toString() returned null. /templates/entity.java.vm[line 90, column 30]
2023-05-16 15:41:54,369 - Left side (${versionFieldName}) of '==' operation has null value. If it is a reference, it may not be in the context or its toString() returned null. /templates/entity.java.vm[line 86, column 26]
2023-05-16 15:41:54,369 - Left side (${logicDeleteFieldName}) of '==' operation has null value. If it is a reference, it may not be in the context or its toString() returned null. /templates/entity.java.vm[line 90, column 30]
2023-05-16 15:41:54,369 - Left side (${versionFieldName}) of '==' operation has null value. If it is a reference, it may not be in the context or its toString() returned null. /templates/entity.java.vm[line 86, column 26]
2023-05-16 15:41:54,369 - Left side (${logicDeleteFieldName}) of '==' operation has null value. If it is a reference, it may not be in the context or its toString() returned null. /templates/entity.java.vm[line 90, column 30]
2023-05-16 15:41:54,370 - ResourceManager : found /templates/mapper.java.vm with loader org.apache.velocity.runtime.resource.loader.ClasspathResourceLoader
2023-05-16 15:41:54,373 - ResourceManager : found /templates/mapper.xml.vm with loader org.apache.velocity.runtime.resource.loader.ClasspathResourceLoader
2023-05-16 15:41:54,376 - ResourceManager : found /templates/service.java.vm with loader org.apache.velocity.runtime.resource.loader.ClasspathResourceLoader
2023-05-16 15:41:54,383 - ResourceManager : found /templates/serviceImpl.java.vm with loader org.apache.velocity.runtime.resource.loader.ClasspathResourceLoader
2023-05-16 15:41:54,386 - ResourceManager : found /templates/controller.java.vm with loader org.apache.velocity.runtime.resource.loader.ClasspathResourceLoader
2023-05-16 15:41:54,390 - ResourceManager : found /templates/mapper.xml.vm with loader org.apache.velocity.runtime.resource.loader.ClasspathResourceLoader
2023-05-16 15:41:54,399 - ResourceManager : found /templates/entity.java.vm with loader org.apache.velocity.runtime.resource.loader.ClasspathResourceLoader
2023-05-16 15:41:54,401 - Left side (${versionFieldName}) of '==' operation has null value. If it is a reference, it may not be in the context or its toString() returned null. /templates/entity.java.vm[line 86, column 26]
2023-05-16 15:41:54,401 - Left side (${logicDeleteFieldName}) of '==' operation has null value. If it is a reference, it may not be in the context or its toString() returned null. /templates/entity.java.vm[line 90, column 30]
2023-05-16 15:41:54,401 - Left side (${versionFieldName}) of '==' operation has null value. If it is a reference, it may not be in the context or its toString() returned null. /templates/entity.java.vm[line 86, column 26]
2023-05-16 15:41:54,401 - Left side (${logicDeleteFieldName}) of '==' operation has null value. If it is a reference, it may not be in the context or its toString() returned null. /templates/entity.java.vm[line 90, column 30]
2023-05-16 15:41:54,401 - Left side (${versionFieldName}) of '==' operation has null value. If it is a reference, it may not be in the context or its toString() returned null. /templates/entity.java.vm[line 86, column 26]
2023-05-16 15:41:54,401 - Left side (${logicDeleteFieldName}) of '==' operation has null value. If it is a reference, it may not be in the context or its toString() returned null. /templates/entity.java.vm[line 90, column 30]
2023-05-16 15:41:54,401 - Left side (${versionFieldName}) of '==' operation has null value. If it is a reference, it may not be in the context or its toString() returned null. /templates/entity.java.vm[line 86, column 26]
2023-05-16 15:41:54,401 - Left side (${logicDeleteFieldName}) of '==' operation has null value. If it is a reference, it may not be in the context or its toString() returned null. /templates/entity.java.vm[line 90, column 30]
2023-05-16 15:41:54,401 - Left side (${versionFieldName}) of '==' operation has null value. If it is a reference, it may not be in the context or its toString() returned null. /templates/entity.java.vm[line 86, column 26]
2023-05-16 15:41:54,401 - Left side (${logicDeleteFieldName}) of '==' operation has null value. If it is a reference, it may not be in the context or its toString() returned null. /templates/entity.java.vm[line 90, column 30]
2023-05-16 15:41:54,401 - Left side (${versionFieldName}) of '==' operation has null value. If it is a reference, it may not be in the context or its toString() returned null. /templates/entity.java.vm[line 86, column 26]
2023-05-16 15:41:54,401 - Left side (${logicDeleteFieldName}) of '==' operation has null value. If it is a reference, it may not be in the context or its toString() returned null. /templates/entity.java.vm[line 90, column 30]
2023-05-16 15:41:54,401 - Left side (${versionFieldName}) of '==' operation has null value. If it is a reference, it may not be in the context or its toString() returned null. /templates/entity.java.vm[line 86, column 26]
2023-05-16 15:41:54,401 - Left side (${logicDeleteFieldName}) of '==' operation has null value. If it is a reference, it may not be in the context or its toString() returned null. /templates/entity.java.vm[line 90, column 30]
2023-05-16 15:41:54,401 - Left side (${versionFieldName}) of '==' operation has null value. If it is a reference, it may not be in the context or its toString() returned null. /templates/entity.java.vm[line 86, column 26]
2023-05-16 15:41:54,401 - Left side (${logicDeleteFieldName}) of '==' operation has null value. If it is a reference, it may not be in the context or its toString() returned null. /templates/entity.java.vm[line 90, column 30]
2023-05-16 15:41:54,401 - Left side (${versionFieldName}) of '==' operation has null value. If it is a reference, it may not be in the context or its toString() returned null. /templates/entity.java.vm[line 86, column 26]
2023-05-16 15:41:54,401 - Left side (${logicDeleteFieldName}) of '==' operation has null value. If it is a reference, it may not be in the context or its toString() returned null. /templates/entity.java.vm[line 90, column 30]
2023-05-16 15:41:54,401 - Left side (${versionFieldName}) of '==' operation has null value. If it is a reference, it may not be in the context or its toString() returned null. /templates/entity.java.vm[line 86, column 26]
2023-05-16 15:41:54,401 - Left side (${logicDeleteFieldName}) of '==' operation has null value. If it is a reference, it may not be in the context or its toString() returned null. /templates/entity.java.vm[line 90, column 30]
2023-05-16 15:41:54,401 - Left side (${versionFieldName}) of '==' operation has null value. If it is a reference, it may not be in the context or its toString() returned null. /templates/entity.java.vm[line 86, column 26]
2023-05-16 15:41:54,401 - Left side (${logicDeleteFieldName}) of '==' operation has null value. If it is a reference, it may not be in the context or its toString() returned null. /templates/entity.java.vm[line 90, column 30]
2023-05-16 15:41:54,401 - Left side (${versionFieldName}) of '==' operation has null value. If it is a reference, it may not be in the context or its toString() returned null. /templates/entity.java.vm[line 86, column 26]
2023-05-16 15:41:54,402 - Left side (${logicDeleteFieldName}) of '==' operation has null value. If it is a reference, it may not be in the context or its toString() returned null. /templates/entity.java.vm[line 90, column 30]
2023-05-16 15:41:54,402 - Left side (${versionFieldName}) of '==' operation has null value. If it is a reference, it may not be in the context or its toString() returned null. /templates/entity.java.vm[line 86, column 26]
2023-05-16 15:41:54,402 - Left side (${logicDeleteFieldName}) of '==' operation has null value. If it is a reference, it may not be in the context or its toString() returned null. /templates/entity.java.vm[line 90, column 30]
2023-05-16 15:41:54,404 - ResourceManager : found /templates/mapper.java.vm with loader org.apache.velocity.runtime.resource.loader.ClasspathResourceLoader
2023-05-16 15:41:54,411 - ResourceManager : found /templates/mapper.xml.vm with loader org.apache.velocity.runtime.resource.loader.ClasspathResourceLoader
2023-05-16 15:41:54,414 - ResourceManager : found /templates/service.java.vm with loader org.apache.velocity.runtime.resource.loader.ClasspathResourceLoader
2023-05-16 15:41:54,419 - ResourceManager : found /templates/serviceImpl.java.vm with loader org.apache.velocity.runtime.resource.loader.ClasspathResourceLoader
2023-05-16 15:41:54,422 - ResourceManager : found /templates/controller.java.vm with loader org.apache.velocity.runtime.resource.loader.ClasspathResourceLoader
